[colorlib.com/preview/theme/look/index.html]
[backblue.gif]
[fade.gif]
[index.html]
[colorlib.com/preview/theme/look/css/open-iconic-bootstrap.min.css]
[colorlib.com/preview/theme/look/css/animate.css]
[colorlib.com/preview/theme/look/css/owl.carousel.min.css]
[colorlib.com/preview/theme/look/css/owl.theme.default.min.css]
[colorlib.com/preview/theme/look/css/magnific-popup.css]
[colorlib.com/preview/theme/look/css/aos.css]
[colorlib.com/preview/theme/look/css/ionicons.min.css]
[colorlib.com/preview/theme/look/css/bootstrap-datepicker.css]
[colorlib.com/preview/theme/look/css/jquery.timepicker.css]
[colorlib.com/preview/theme/look/css/flaticon.css]
[colorlib.com/preview/theme/look/css/icomoon.css]
[colorlib.com/preview/theme/look/images/bg_2.jpg]
[colorlib.com/preview/theme/look/css/style.css]
[colorlib.com/preview/theme/look/about.html]
[colorlib.com/preview/theme/look/model.html]
[colorlib.com/preview/theme/look/blog.html]
[colorlib.com/preview/theme/look/contact.html]
[colorlib.com/preview/theme/look/images/bg_1.jpg]
[colorlib.com/preview/theme/look/images/bg_3.jpg]
[colorlib.com/preview/theme/look/images/bg_4.jpg]
[colorlib.com/preview/theme/look/images/bg_5.jpg]
[colorlib.com/preview/theme/look/images/image_1.jpg]
[colorlib.com/preview/theme/look/model-single.html]
[colorlib.com/preview/theme/look/images/image_2.jpg]
[colorlib.com/preview/theme/look/images/image_3.jpg]
[colorlib.com/preview/theme/look/images/image_4.jpg]
[colorlib.com/preview/theme/look/images/image_5.jpg]
[colorlib.com/preview/theme/look/images/image_6.jpg]
[colorlib.com/preview/theme/look/images/image_7.jpg]
[colorlib.com/preview/theme/look/images/image_8.jpg]
[colorlib.com/preview/theme/look/images/image_9.jpg]
[colorlib.com/preview/theme/look/images/bg_7.jpg]
[colorlib.com/preview/theme/look/images/person_1.jpg]
[colorlib.com/preview/theme/look/images/person_2.jpg]
[colorlib.com/preview/theme/look/images/person_3.jpg]
[colorlib.com/preview/theme/look/images/bg_6.jpg]
[colorlib.com/preview/theme/look/blog-single.html]
[colorlib.com/cdn-cgi/scripts/5c5dd728/cloudflare-static/email-decode.min.js]
[colorlib.com/preview/theme/look/js/jquery.min.js]
[colorlib.com/preview/theme/look/js/jquery-migrate-3.0.1.min.js]
[colorlib.com/preview/theme/look/js/popper.min.js]
[colorlib.com/preview/theme/look/js/bootstrap.min.js]
[colorlib.com/preview/theme/look/js/jquery.easing.1.3.js]
[colorlib.com/preview/theme/look/js/jquery.waypoints.min.js]
[colorlib.com/preview/theme/look/js/jquery.stellar.min.js]
[colorlib.com/preview/theme/look/js/owl.carousel.min.js]
[colorlib.com/preview/theme/look/js/jquery.magnific-popup.min.js]
[colorlib.com/preview/theme/look/js/aos.js]
[colorlib.com/preview/theme/look/js/jquery.animateNumber.min.js]
[colorlib.com/preview/theme/look/js/scrollax.min.js]
[colorlib.com/preview/theme/look/js/bootstrap-datepicker.js]
[colorlib.com/preview/theme/look/js/jquery.timepicker.min.js]
[colorlib.com/preview/theme/look/js/google-map.js]
[colorlib.com/preview/theme/look/js/main.js]
[colorlib.com/preview/theme/look/index.html]
[ajax.cloudflare.com/cdn-cgi/scripts/a2bd7673/cloudflare-static/rocket-loader.min.js]
[colorlib.com/preview/theme/look/fonts/open-iconic/open-iconic.eot]
[colorlib.com/preview/theme/look/fonts/open-iconic/open-iconicd41d.eot]
[colorlib.com/preview/theme/look/fonts/open-iconic/open-iconic.woff]
[colorlib.com/preview/theme/look/fonts/open-iconic/open-iconic.ttf]
[colorlib.com/preview/theme/look/fonts/open-iconic/open-iconic.otf]
[colorlib.com/preview/theme/look/css/open-iconic-bootstrap.min.css]
[colorlib.com/preview/theme/look/css/animate.css]
[colorlib.com/preview/theme/look/fonts/open-iconic/open-iconic.svg]
[colorlib.com/preview/theme/look/css/owl.video.play.png]
[colorlib.com/preview/theme/look/css/owl.carousel.min.css]
[colorlib.com/preview/theme/look/css/owl.theme.default.min.css]
[colorlib.com/preview/theme/look/css/magnific-popup.css]
[colorlib.com/preview/theme/look/css/aos.css]
[colorlib.com/preview/theme/look/fonts/ionicons/fonts/ionicons580c.eot]
[colorlib.com/preview/theme/look/fonts/ionicons/fonts/ionicons580c.woff2]
[colorlib.com/preview/theme/look/fonts/ionicons/fonts/ionicons580c.woff]
[colorlib.com/preview/theme/look/fonts/ionicons/fonts/ionicons580c.ttf]
[colorlib.com/preview/theme/look/css/ionicons.min.css]
[colorlib.com/preview/theme/look/css/bootstrap-datepicker.css]
[colorlib.com/preview/theme/look/css/jquery.timepicker.css]
[colorlib.com/preview/theme/look/fonts/ionicons/fonts/ionicons580c.svg]
[colorlib.com/preview/theme/look/fonts/flaticon/font/Flaticon.eot]
[colorlib.com/preview/theme/look/fonts/flaticon/font/Flaticond41d.eot]
[colorlib.com/preview/theme/look/fonts/flaticon/font/Flaticon.woff]
[colorlib.com/preview/theme/look/fonts/flaticon/font/Flaticon.ttf]
[colorlib.com/preview/theme/look/css/flaticon.css]
[colorlib.com/preview/theme/look/fonts/flaticon/font/Flaticon.svg]
[colorlib.com/preview/theme/look/fonts/icomoon/icomoonccfb.eot]
[colorlib.com/preview/theme/look/fonts/icomoon/icomoonccfb.ttf]
[colorlib.com/preview/theme/look/css/icomoon.css]
[colorlib.com/preview/theme/look/css/style.css]
[colorlib.com/preview/theme/look/about.html]
[colorlib.com/preview/theme/look/fonts/icomoon/icomoonccfb.svg]
[colorlib.com/preview/theme/look/images/image_10.jpg]
[colorlib.com/preview/theme/look/model.html]
[colorlib.com/preview/theme/look/blog.html]
[colorlib.com/preview/theme/look/contact.html]
[colorlib.com/preview/theme/look/images/image_2_1.jpg]
[colorlib.com/preview/theme/look/model-single.html]
[colorlib.com/preview/theme/look/blog-single.html]
[colorlib.com/preview/theme/look/fonts/open-iconic/open-iconic.svg]
[colorlib.com/preview/theme/look/css/owl.video.play.html]
[colorlib.com/preview/theme/look/fonts/ionicons/fonts/ionicons580c.svg]
[colorlib.com/preview/theme/look/fonts/flaticon/font/Flaticon.svg]
[colorlib.com/preview/theme/look/fonts/icomoon/icomoonccfb.woff]
[colorlib.com/preview/theme/look/fonts/icomoon/icomoonccfb.svg]
